\BOOKMARK [1][-]{section.1}{\376\377\000I\000n\000t\000r\000o\000d\000u\000c\000t\000i\000o\000n}{}% 1
\BOOKMARK [2][-]{subsection.1.1}{\376\377\000P\000r\000o\000j\000e\000c\000t\000\040\000O\000v\000e\000r\000v\000i\000e\000w}{section.1}% 2
\BOOKMARK [2][-]{subsection.1.2}{\376\377\000O\000b\000j\000e\000c\000t\000i\000v\000e\000s\000\040\000a\000n\000d\000\040\000S\000c\000o\000p\000e}{section.1}% 3
\BOOKMARK [2][-]{subsection.1.3}{\376\377\000T\000e\000a\000m\000\040\000I\000n\000f\000o\000r\000m\000a\000t\000i\000o\000n}{section.1}% 4
\BOOKMARK [1][-]{section.2}{\376\377\000P\000r\000o\000j\000e\000c\000t\000\040\000P\000l\000a\000n\000n\000i\000n\000g\000\040\000a\000n\000d\000\040\000T\000a\000s\000k\000\040\000D\000i\000s\000t\000r\000i\000b\000u\000t\000i\000o\000n}{}% 5
\BOOKMARK [2][-]{subsection.2.1}{\376\377\000W\000o\000r\000k\000\040\000B\000r\000e\000a\000k\000d\000o\000w\000n}{section.2}% 6
\BOOKMARK [2][-]{subsection.2.2}{\376\377\000M\000e\000m\000b\000e\000r\000\040\000R\000e\000s\000p\000o\000n\000s\000i\000b\000i\000l\000i\000t\000i\000e\000s}{section.2}% 7
\BOOKMARK [2][-]{subsection.2.3}{\376\377\000C\000o\000m\000p\000l\000e\000t\000i\000o\000n\000\040\000P\000e\000r\000c\000e\000n\000t\000a\000g\000e\000\040\000p\000e\000r\000\040\000M\000e\000m\000b\000e\000r}{section.2}% 8
\BOOKMARK [2][-]{subsection.2.4}{\376\377\000P\000r\000o\000j\000e\000c\000t\000\040\000M\000a\000n\000a\000g\000e\000m\000e\000n\000t\000\040\000B\000o\000a\000r\000d}{section.2}% 9
\BOOKMARK [1][-]{section.3}{\376\377\000P\000r\000o\000b\000l\000e\000m\000\040\000F\000o\000r\000m\000u\000l\000a\000t\000i\000o\000n}{}% 10
\BOOKMARK [2][-]{subsection.3.1}{\376\377\000P\000u\000z\000z\000l\000e\000\040\000R\000u\000l\000e\000s}{section.3}% 11
\BOOKMARK [2][-]{subsection.3.2}{\376\377\000F\000i\000r\000s\000t\000-\000O\000r\000d\000e\000r\000\040\000L\000o\000g\000i\000c\000\040\000F\000o\000r\000m\000a\000l\000i\000z\000a\000t\000i\000o\000n}{section.3}% 12
\BOOKMARK [3][-]{subsubsection.3.2.1}{\376\377\000P\000r\000e\000d\000i\000c\000a\000t\000e\000\040\000V\000o\000c\000a\000b\000u\000l\000a\000r\000y}{subsection.3.2}% 13
\BOOKMARK [3][-]{subsubsection.3.2.2}{\376\377\000C\000o\000r\000e\000\040\000A\000x\000i\000o\000m\000s}{subsection.3.2}% 14
\BOOKMARK [3][-]{subsubsection.3.2.3}{\376\377\000S\000k\000o\000l\000e\000m\000i\000z\000a\000t\000i\000o\000n\000\040\000a\000n\000d\000\040\000C\000N\000F\000\040\000C\000o\000n\000v\000e\000r\000s\000i\000o\000n}{subsection.3.2}% 15
\BOOKMARK [2][-]{subsection.3.3}{\376\377\000F\000r\000o\000m\000\040\000F\000O\000L\000\040\000t\000o\000\040\000I\000n\000f\000e\000r\000e\000n\000c\000e}{section.3}% 16
\BOOKMARK [2][-]{subsection.3.4}{\376\377\000G\000r\000o\000u\000n\000d\000\040\000K\000n\000o\000w\000l\000e\000d\000g\000e\000\040\000B\000a\000s\000e\000\040\000a\000n\000d\000\040\000C\000N\000F\000\040\000G\000e\000n\000e\000r\000a\000t\000i\000o\000n}{section.3}% 17
\BOOKMARK [1][-]{section.4}{\376\377\000A\000l\000g\000o\000r\000i\000t\000h\000m\000\040\000D\000e\000s\000c\000r\000i\000p\000t\000i\000o\000n}{}% 18
\BOOKMARK [2][-]{subsection.4.1}{\376\377\000F\000o\000r\000w\000a\000r\000d\000\040\000C\000h\000a\000i\000n\000i\000n\000g}{section.4}% 19
\BOOKMARK [3][-]{subsubsection.4.1.1}{\376\377\000I\000d\000e\000a}{subsection.4.1}% 20
\BOOKMARK [3][-]{subsubsection.4.1.2}{\376\377\000P\000s\000e\000u\000d\000o\000c\000o\000d\000e}{subsection.4.1}% 21
\BOOKMARK [3][-]{subsubsection.4.1.3}{\376\377\000I\000l\000l\000u\000s\000t\000r\000a\000t\000i\000o\000n}{subsection.4.1}% 22
\BOOKMARK [3][-]{subsubsection.4.1.4}{\376\377\000A\000l\000g\000o\000r\000i\000t\000h\000m\000\040\000A\000n\000a\000l\000y\000s\000i\000s}{subsection.4.1}% 23
\BOOKMARK [2][-]{subsection.4.2}{\376\377\000B\000a\000c\000k\000w\000a\000r\000d\000\040\000C\000h\000a\000i\000n\000i\000n\000g\000\040\000\050\000S\000L\000D\000\040\000R\000e\000s\000o\000l\000u\000t\000i\000o\000n\000\051}{section.4}% 24
\BOOKMARK [3][-]{subsubsection.4.2.1}{\376\377\000I\000d\000e\000a}{subsection.4.2}% 25
\BOOKMARK [3][-]{subsubsection.4.2.2}{\376\377\000P\000s\000e\000u\000d\000o\000c\000o\000d\000e}{subsection.4.2}% 26
\BOOKMARK [3][-]{subsubsection.4.2.3}{\376\377\000I\000l\000l\000u\000s\000t\000r\000a\000t\000i\000o\000n}{subsection.4.2}% 27
\BOOKMARK [3][-]{subsubsection.4.2.4}{\376\377\000A\000l\000g\000o\000r\000i\000t\000h\000m\000\040\000A\000n\000a\000l\000y\000s\000i\000s}{subsection.4.2}% 28
\BOOKMARK [2][-]{subsection.4.3}{\376\377\000A\000*\000\040\000S\000e\000a\000r\000c\000h}{section.4}% 29
\BOOKMARK [3][-]{subsubsection.4.3.1}{\376\377\000I\000d\000e\000a}{subsection.4.3}% 30
\BOOKMARK [3][-]{subsubsection.4.3.2}{\376\377\000H\000e\000u\000r\000i\000s\000t\000i\000c\000\040\000F\000u\000n\000c\000t\000i\000o\000n\000\040\000a\000n\000d\000\040\000A\000d\000m\000i\000s\000s\000i\000b\000i\000l\000i\000t\000y}{subsection.4.3}% 31
\BOOKMARK [3][-]{subsubsection.4.3.3}{\376\377\000P\000s\000e\000u\000d\000o\000c\000o\000d\000e}{subsection.4.3}% 32
\BOOKMARK [3][-]{subsubsection.4.3.4}{\376\377\000I\000l\000l\000u\000s\000t\000r\000a\000t\000i\000o\000n}{subsection.4.3}% 33
\BOOKMARK [3][-]{subsubsection.4.3.5}{\376\377\000A\000l\000g\000o\000r\000i\000t\000h\000m\000\040\000A\000n\000a\000l\000y\000s\000i\000s}{subsection.4.3}% 34
\BOOKMARK [2][-]{subsection.4.4}{\376\377\000B\000r\000u\000t\000e\000-\000f\000o\000r\000c\000e\000\040\000a\000n\000d\000\040\000B\000a\000c\000k\000t\000r\000a\000c\000k\000i\000n\000g}{section.4}% 35
\BOOKMARK [3][-]{subsubsection.4.4.1}{\376\377\000I\000d\000e\000a}{subsection.4.4}% 36
\BOOKMARK [3][-]{subsubsection.4.4.2}{\376\377\000P\000s\000e\000u\000d\000o\000c\000o\000d\000e}{subsection.4.4}% 37
\BOOKMARK [3][-]{subsubsection.4.4.3}{\376\377\000I\000l\000l\000u\000s\000t\000r\000a\000t\000i\000o\000n}{subsection.4.4}% 38
\BOOKMARK [3][-]{subsubsection.4.4.4}{\376\377\000A\000l\000g\000o\000r\000i\000t\000h\000m\000\040\000A\000n\000a\000l\000y\000s\000i\000s}{subsection.4.4}% 39
\BOOKMARK [2][-]{subsection.4.5}{\376\377\000S\000A\000T\000\040\000S\000o\000l\000v\000e\000r\000\040\000\050\000U\000s\000i\000n\000g\000\040\000S\000A\000T\000\040\000L\000i\000b\000r\000a\000r\000y\000\051}{section.4}% 40
\BOOKMARK [3][-]{subsubsection.4.5.1}{\376\377\000I\000d\000e\000a}{subsection.4.5}% 41
\BOOKMARK [3][-]{subsubsection.4.5.2}{\376\377\000C\000o\000n\000s\000t\000r\000a\000i\000n\000t\000\040\000E\000n\000c\000o\000d\000i\000n\000g}{subsection.4.5}% 42
\BOOKMARK [3][-]{subsubsection.4.5.3}{\376\377\000P\000s\000e\000u\000d\000o\000c\000o\000d\000e}{subsection.4.5}% 43
\BOOKMARK [3][-]{subsubsection.4.5.4}{\376\377\000I\000l\000l\000u\000s\000t\000r\000a\000t\000i\000o\000n}{subsection.4.5}% 44
\BOOKMARK [3][-]{subsubsection.4.5.5}{\376\377\000A\000l\000g\000o\000r\000i\000t\000h\000m\000\040\000A\000n\000a\000l\000y\000s\000i\000s}{subsection.4.5}% 45
\BOOKMARK [1][-]{section.5}{\376\377\000E\000x\000p\000e\000r\000i\000m\000e\000n\000t\000s\000\040\000a\000n\000d\000\040\000E\000v\000a\000l\000u\000a\000t\000i\000o\000n}{}% 46
\BOOKMARK [2][-]{subsection.5.1}{\376\377\000E\000x\000p\000e\000r\000i\000m\000e\000n\000t\000a\000l\000\040\000S\000e\000t\000u\000p}{section.5}% 47
\BOOKMARK [2][-]{subsection.5.2}{\376\377\000I\000n\000p\000u\000t\000\040\000a\000n\000d\000\040\000O\000u\000t\000p\000u\000t\000\040\000T\000e\000s\000t\000\040\000C\000a\000s\000e\000s}{section.5}% 48
\BOOKMARK [2][-]{subsection.5.3}{\376\377\000E\000v\000a\000l\000u\000a\000t\000i\000o\000n\000\040\000M\000e\000t\000r\000i\000c\000s}{section.5}% 49
\BOOKMARK [3][-]{subsubsection.5.3.1}{\376\377\000R\000u\000n\000t\000i\000m\000e}{subsection.5.3}% 50
\BOOKMARK [3][-]{subsubsection.5.3.2}{\376\377\000M\000e\000m\000o\000r\000y\000\040\000U\000s\000a\000g\000e}{subsection.5.3}% 51
\BOOKMARK [3][-]{subsubsection.5.3.3}{\376\377\000N\000u\000m\000b\000e\000r\000\040\000o\000f\000\040\000I\000n\000f\000e\000r\000e\000n\000c\000e\000s\000\040\000o\000r\000\040\000E\000x\000p\000a\000n\000s\000i\000o\000n\000s}{subsection.5.3}% 52
\BOOKMARK [2][-]{subsection.5.4}{\376\377\000C\000o\000m\000p\000a\000r\000a\000t\000i\000v\000e\000\040\000A\000n\000a\000l\000y\000s\000i\000s\000\040\000A\000c\000r\000o\000s\000s\000\040\000A\000l\000g\000o\000r\000i\000t\000h\000m\000s}{section.5}% 53
\BOOKMARK [2][-]{subsection.5.5}{\376\377\000S\000e\000l\000f\000-\000e\000v\000a\000l\000u\000a\000t\000i\000o\000n\000\040\000A\000g\000a\000i\000n\000s\000t\000\040\000P\000r\000o\000j\000e\000c\000t\000\040\000C\000r\000i\000t\000e\000r\000i\000a}{section.5}% 54
\BOOKMARK [1][-]{section.6}{\376\377\000R\000e\000f\000e\000r\000e\000n\000c\000e\000s}{}% 55
\BOOKMARK [1][-]{appendix.A}{\376\377\000A\000p\000p\000e\000n\000d\000i\000x}{}% 56
\BOOKMARK [2][-]{subsection.A.1}{\376\377\000P\000s\000e\000u\000d\000o\000c\000o\000d\000e}{appendix.A}% 57
\BOOKMARK [2][-]{subsection.A.2}{\376\377\000D\000e\000m\000o\000\040\000V\000i\000d\000e\000o\000\040\000L\000i\000n\000k\000s}{appendix.A}% 58
\BOOKMARK [2][-]{subsection.A.3}{\376\377\000A\000d\000d\000i\000t\000i\000o\000n\000a\000l\000\040\000T\000a\000b\000l\000e\000s\000\040\000a\000n\000d\000\040\000C\000h\000a\000r\000t\000s}{appendix.A}% 59
\BOOKMARK [2][-]{subsection.A.4}{\376\377\000S\000u\000b\000m\000i\000s\000s\000i\000o\000n\000\040\000C\000h\000e\000c\000k\000l\000i\000s\000t}{appendix.A}% 60
